  Image.cpp
  main.cpp
  myCamera.cpp
  myFBO.cpp
  myLight.cpp
  myLights.cpp
  myMaterial.cpp
  myPhysics.cpp
  mySubObject.cpp
  myObject.cpp
  myScene.cpp
  myShader.cpp
C:\Users\vitin\OneDrive\Area_de_Trabalho\opengl-VitorStelaDhanashri\myproj\include\Bullet3\LinearMath\btIDebugDraw.h(169,1): warning C4305: 'argument': truncation from 'double' to 'const btScalar' (compiling source file myPhysics.cpp)
C:\Users\vitin\OneDrive\Area_de_Trabalho\opengl-VitorStelaDhanashri\myproj\include\Bullet3\LinearMath\btIDebugDraw.h(170,1): warning C4305: 'argument': truncation from 'double' to 'const btScalar' (compiling source file myPhysics.cpp)
  myShaders.cpp
  myTexture.cpp
  myVAO.cpp
  myVBO.cpp
  myFlight.cpp
C:\Users\vitin\OneDrive\Area_de_Trabalho\opengl-VitorStelaDhanashri\myproj\include\Bullet3\LinearMath\btIDebugDraw.h(171,1): warning C4305: 'argument': truncation from 'double' to 'const btScalar' (compiling source file myPhysics.cpp)
C:\Users\vitin\OneDrive\Area_de_Trabalho\opengl-VitorStelaDhanashri\myproj\include\Bullet3\LinearMath\btIDebugDraw.h(169,1): warning C4305: 'argument': truncation from 'double' to 'const btScalar' (compiling source file myScene.cpp)
C:\Users\vitin\OneDrive\Area_de_Trabalho\opengl-VitorStelaDhanashri\myproj\include\Bullet3\LinearMath\btIDebugDraw.h(170,1): warning C4305: 'argument': truncation from 'double' to 'const btScalar' (compiling source file myScene.cpp)
C:\Users\vitin\OneDrive\Area_de_Trabalho\opengl-VitorStelaDhanashri\myproj\include\Bullet3\LinearMath\btIDebugDraw.h(171,1): warning C4305: 'argument': truncation from 'double' to 'const btScalar' (compiling source file myScene.cpp)
C:\Users\vitin\OneDrive\Area_de_Trabalho\opengl-VitorStelaDhanashri\myproj\myPhysics.cpp(32,138): warning C4267: 'argument': conversion from 'size_t' to 'int', possible loss of data
C:\Users\vitin\OneDrive\Area_de_Trabalho\opengl-VitorStelaDhanashri\myproj\myPhysics.cpp(54,216): warning C4267: 'argument': conversion from 'size_t' to 'int', possible loss of data
C:\Users\vitin\OneDrive\Area_de_Trabalho\opengl-VitorStelaDhanashri\myproj\myPhysics.cpp(101,48): warning C4244: 'argument': conversion from 'double' to 'btScalar', possible loss of data
C:\Users\vitin\OneDrive\Area_de_Trabalho\opengl-VitorStelaDhanashri\myproj\include\Bullet3\LinearMath\btIDebugDraw.h(169,1): warning C4305: 'argument': truncation from 'double' to 'const btScalar' (compiling source file main.cpp)
C:\Users\vitin\OneDrive\Area_de_Trabalho\opengl-VitorStelaDhanashri\myproj\include\Bullet3\LinearMath\btIDebugDraw.h(170,1): warning C4305: 'argument': truncation from 'double' to 'const btScalar' (compiling source file main.cpp)
C:\Users\vitin\OneDrive\Area_de_Trabalho\opengl-VitorStelaDhanashri\myproj\include\Bullet3\LinearMath\btIDebugDraw.h(171,1): warning C4305: 'argument': truncation from 'double' to 'const btScalar' (compiling source file main.cpp)
C:\Users\vitin\OneDrive\Area_de_Trabalho\opengl-VitorStelaDhanashri\myproj\myFlight.h(12,28): warning C4305: 'initializing': truncation from 'double' to 'float' (compiling source file main.cpp)
C:\Users\vitin\OneDrive\Area_de_Trabalho\opengl-VitorStelaDhanashri\myproj\myFlight.h(12,28): warning C4305: 'initializing': truncation from 'double' to 'float' (compiling source file myFlight.cpp)
  Generating code
  2134 of 2150 functions (99.3%) were compiled, the rest were copied from previous compilation.
    41 functions were new in current compilation
    2 functions had inline decision re-evaluated but remain unchanged
  Finished generating code
BulletCollision.lib(btCollisionAlgorithm.obj) : warning LNK4099: PDB 'BulletCollision.pdb' was not found with 'BulletCollision.lib(btCollisionAlgorithm.obj)' or at 'C:\Users\vitin\OneDrive\Area_de_Trabalho\opengl-VitorStelaDhanashri\x64\Release\BulletCollision.pdb'; linking object as if no debug info
BulletCollision.lib(btDbvt.obj) : warning LNK4099: PDB 'BulletCollision.pdb' was not found with 'BulletCollision.lib(btDbvt.obj)' or at 'C:\Users\vitin\OneDrive\Area_de_Trabalho\opengl-VitorStelaDhanashri\x64\Release\BulletCollision.pdb'; linking object as if no debug info
BulletCollision.lib(btDbvtBroadphase.obj) : warning LNK4099: PDB 'BulletCollision.pdb' was not found with 'BulletCollision.lib(btDbvtBroadphase.obj)' or at 'C:\Users\vitin\OneDrive\Area_de_Trabalho\opengl-VitorStelaDhanashri\x64\Release\BulletCollision.pdb'; linking object as if no debug info
BulletCollision.lib(btDispatcher.obj) : warning LNK4099: PDB 'BulletCollision.pdb' was not found with 'BulletCollision.lib(btDispatcher.obj)' or at 'C:\Users\vitin\OneDrive\Area_de_Trabalho\opengl-VitorStelaDhanashri\x64\Release\BulletCollision.pdb'; linking object as if no debug info
BulletCollision.lib(btOverlappingPairCache.obj) : warning LNK4099: PDB 'BulletCollision.pdb' was not found with 'BulletCollision.lib(btOverlappingPairCache.obj)' or at 'C:\Users\vitin\OneDrive\Area_de_Trabalho\opengl-VitorStelaDhanashri\x64\Release\BulletCollision.pdb'; linking object as if no debug info
BulletCollision.lib(btQuantizedBvh.obj) : warning LNK4099: PDB 'BulletCollision.pdb' was not found with 'BulletCollision.lib(btQuantizedBvh.obj)' or at 'C:\Users\vitin\OneDrive\Area_de_Trabalho\opengl-VitorStelaDhanashri\x64\Release\BulletCollision.pdb'; linking object as if no debug info
BulletCollision.lib(SphereTriangleDetector.obj) : warning LNK4099: PDB 'BulletCollision.pdb' was not found with 'BulletCollision.lib(SphereTriangleDetector.obj)' or at 'C:\Users\vitin\OneDrive\Area_de_Trabalho\opengl-VitorStelaDhanashri\x64\Release\BulletCollision.pdb'; linking object as if no debug info
BulletCollision.lib(btActivatingCollisionAlgorithm.obj) : warning LNK4099: PDB 'BulletCollision.pdb' was not found with 'BulletCollision.lib(btActivatingCollisionAlgorithm.obj)' or at 'C:\Users\vitin\OneDrive\Area_de_Trabalho\opengl-VitorStelaDhanashri\x64\Release\BulletCollision.pdb'; linking object as if no debug info
BulletCollision.lib(btBoxBoxCollisionAlgorithm.obj) : warning LNK4099: PDB 'BulletCollision.pdb' was not found with 'BulletCollision.lib(btBoxBoxCollisionAlgorithm.obj)' or at 'C:\Users\vitin\OneDrive\Area_de_Trabalho\opengl-VitorStelaDhanashri\x64\Release\BulletCollision.pdb'; linking object as if no debug info
BulletCollision.lib(btBoxBoxDetector.obj) : warning LNK4099: PDB 'BulletCollision.pdb' was not found with 'BulletCollision.lib(btBoxBoxDetector.obj)' or at 'C:\Users\vitin\OneDrive\Area_de_Trabalho\opengl-VitorStelaDhanashri\x64\Release\BulletCollision.pdb'; linking object as if no debug info
BulletCollision.lib(btCollisionDispatcher.obj) : warning LNK4099: PDB 'BulletCollision.pdb' was not found with 'BulletCollision.lib(btCollisionDispatcher.obj)' or at 'C:\Users\vitin\OneDrive\Area_de_Trabalho\opengl-VitorStelaDhanashri\x64\Release\BulletCollision.pdb'; linking object as if no debug info
BulletCollision.lib(btCollisionObject.obj) : warning LNK4099: PDB 'BulletCollision.pdb' was not found with 'BulletCollision.lib(btCollisionObject.obj)' or at 'C:\Users\vitin\OneDrive\Area_de_Trabalho\opengl-VitorStelaDhanashri\x64\Release\BulletCollision.pdb'; linking object as if no debug info
BulletCollision.lib(btCollisionWorld.obj) : warning LNK4099: PDB 'BulletCollision.pdb' was not found with 'BulletCollision.lib(btCollisionWorld.obj)' or at 'C:\Users\vitin\OneDrive\Area_de_Trabalho\opengl-VitorStelaDhanashri\x64\Release\BulletCollision.pdb'; linking object as if no debug info
BulletCollision.lib(btCompoundCollisionAlgorithm.obj) : warning LNK4099: PDB 'BulletCollision.pdb' was not found with 'BulletCollision.lib(btCompoundCollisionAlgorithm.obj)' or at 'C:\Users\vitin\OneDrive\Area_de_Trabalho\opengl-VitorStelaDhanashri\x64\Release\BulletCollision.pdb'; linking object as if no debug info
BulletCollision.lib(btCompoundCompoundCollisionAlgorithm.obj) : warning LNK4099: PDB 'BulletCollision.pdb' was not found with 'BulletCollision.lib(btCompoundCompoundCollisionAlgorithm.obj)' or at 'C:\Users\vitin\OneDrive\Area_de_Trabalho\opengl-VitorStelaDhanashri\x64\Release\BulletCollision.pdb'; linking object as if no debug info
BulletCollision.lib(btConvexConcaveCollisionAlgorithm.obj) : warning LNK4099: PDB 'BulletCollision.pdb' was not found with 'BulletCollision.lib(btConvexConcaveCollisionAlgorithm.obj)' or at 'C:\Users\vitin\OneDrive\Area_de_Trabalho\opengl-VitorStelaDhanashri\x64\Release\BulletCollision.pdb'; linking object as if no debug info
BulletCollision.lib(btConvexConvexAlgorithm.obj) : warning LNK4099: PDB 'BulletCollision.pdb' was not found with 'BulletCollision.lib(btConvexConvexAlgorithm.obj)' or at 'C:\Users\vitin\OneDrive\Area_de_Trabalho\opengl-VitorStelaDhanashri\x64\Release\BulletCollision.pdb'; linking object as if no debug info
BulletCollision.lib(btConvexPlaneCollisionAlgorithm.obj) : warning LNK4099: PDB 'BulletCollision.pdb' was not found with 'BulletCollision.lib(btConvexPlaneCollisionAlgorithm.obj)' or at 'C:\Users\vitin\OneDrive\Area_de_Trabalho\opengl-VitorStelaDhanashri\x64\Release\BulletCollision.pdb'; linking object as if no debug info
BulletCollision.lib(btDefaultCollisionConfiguration.obj) : warning LNK4099: PDB 'BulletCollision.pdb' was not found with 'BulletCollision.lib(btDefaultCollisionConfiguration.obj)' or at 'C:\Users\vitin\OneDrive\Area_de_Trabalho\opengl-VitorStelaDhanashri\x64\Release\BulletCollision.pdb'; linking object as if no debug info
BulletCollision.lib(btEmptyCollisionAlgorithm.obj) : warning LNK4099: PDB 'BulletCollision.pdb' was not found with 'BulletCollision.lib(btEmptyCollisionAlgorithm.obj)' or at 'C:\Users\vitin\OneDrive\Area_de_Trabalho\opengl-VitorStelaDhanashri\x64\Release\BulletCollision.pdb'; linking object as if no debug info
BulletCollision.lib(btHashedSimplePairCache.obj) : warning LNK4099: PDB 'BulletCollision.pdb' was not found with 'BulletCollision.lib(btHashedSimplePairCache.obj)' or at 'C:\Users\vitin\OneDrive\Area_de_Trabalho\opengl-VitorStelaDhanashri\x64\Release\BulletCollision.pdb'; linking object as if no debug info
BulletCollision.lib(btManifoldResult.obj) : warning LNK4099: PDB 'BulletCollision.pdb' was not found with 'BulletCollision.lib(btManifoldResult.obj)' or at 'C:\Users\vitin\OneDrive\Area_de_Trabalho\opengl-VitorStelaDhanashri\x64\Release\BulletCollision.pdb'; linking object as if no debug info
BulletCollision.lib(btSimulationIslandManager.obj) : warning LNK4099: PDB 'BulletCollision.pdb' was not found with 'BulletCollision.lib(btSimulationIslandManager.obj)' or at 'C:\Users\vitin\OneDrive\Area_de_Trabalho\opengl-VitorStelaDhanashri\x64\Release\BulletCollision.pdb'; linking object as if no debug info
BulletCollision.lib(btSphereSphereCollisionAlgorithm.obj) : warning LNK4099: PDB 'BulletCollision.pdb' was not found with 'BulletCollision.lib(btSphereSphereCollisionAlgorithm.obj)' or at 'C:\Users\vitin\OneDrive\Area_de_Trabalho\opengl-VitorStelaDhanashri\x64\Release\BulletCollision.pdb'; linking object as if no debug info
BulletCollision.lib(btSphereTriangleCollisionAlgorithm.obj) : warning LNK4099: PDB 'BulletCollision.pdb' was not found with 'BulletCollision.lib(btSphereTriangleCollisionAlgorithm.obj)' or at 'C:\Users\vitin\OneDrive\Area_de_Trabalho\opengl-VitorStelaDhanashri\x64\Release\BulletCollision.pdb'; linking object as if no debug info
BulletCollision.lib(btUnionFind.obj) : warning LNK4099: PDB 'BulletCollision.pdb' was not found with 'BulletCollision.lib(btUnionFind.obj)' or at 'C:\Users\vitin\OneDrive\Area_de_Trabalho\opengl-VitorStelaDhanashri\x64\Release\BulletCollision.pdb'; linking object as if no debug info
BulletCollision.lib(btBvhTriangleMeshShape.obj) : warning LNK4099: PDB 'BulletCollision.pdb' was not found with 'BulletCollision.lib(btBvhTriangleMeshShape.obj)' or at 'C:\Users\vitin\OneDrive\Area_de_Trabalho\opengl-VitorStelaDhanashri\x64\Release\BulletCollision.pdb'; linking object as if no debug info
BulletCollision.lib(btCollisionShape.obj) : warning LNK4099: PDB 'BulletCollision.pdb' was not found with 'BulletCollision.lib(btCollisionShape.obj)' or at 'C:\Users\vitin\OneDrive\Area_de_Trabalho\opengl-VitorStelaDhanashri\x64\Release\BulletCollision.pdb'; linking object as if no debug info
BulletCollision.lib(btConcaveShape.obj) : warning LNK4099: PDB 'BulletCollision.pdb' was not found with 'BulletCollision.lib(btConcaveShape.obj)' or at 'C:\Users\vitin\OneDrive\Area_de_Trabalho\opengl-VitorStelaDhanashri\x64\Release\BulletCollision.pdb'; linking object as if no debug info
BulletCollision.lib(btConvexHullShape.obj) : warning LNK4099: PDB 'BulletCollision.pdb' was not found with 'BulletCollision.lib(btConvexHullShape.obj)' or at 'C:\Users\vitin\OneDrive\Area_de_Trabalho\opengl-VitorStelaDhanashri\x64\Release\BulletCollision.pdb'; linking object as if no debug info
BulletCollision.lib(btConvexInternalShape.obj) : warning LNK4099: PDB 'BulletCollision.pdb' was not found with 'BulletCollision.lib(btConvexInternalShape.obj)' or at 'C:\Users\vitin\OneDrive\Area_de_Trabalho\opengl-VitorStelaDhanashri\x64\Release\BulletCollision.pdb'; linking object as if no debug info
BulletCollision.lib(btConvexPolyhedron.obj) : warning LNK4099: PDB 'BulletCollision.pdb' was not found with 'BulletCollision.lib(btConvexPolyhedron.obj)' or at 'C:\Users\vitin\OneDrive\Area_de_Trabalho\opengl-VitorStelaDhanashri\x64\Release\BulletCollision.pdb'; linking object as if no debug info
BulletCollision.lib(btConvexShape.obj) : warning LNK4099: PDB 'BulletCollision.pdb' was not found with 'BulletCollision.lib(btConvexShape.obj)' or at 'C:\Users\vitin\OneDrive\Area_de_Trabalho\opengl-VitorStelaDhanashri\x64\Release\BulletCollision.pdb'; linking object as if no debug info
BulletCollision.lib(btOptimizedBvh.obj) : warning LNK4099: PDB 'BulletCollision.pdb' was not found with 'BulletCollision.lib(btOptimizedBvh.obj)' or at 'C:\Users\vitin\OneDrive\Area_de_Trabalho\opengl-VitorStelaDhanashri\x64\Release\BulletCollision.pdb'; linking object as if no debug info
BulletCollision.lib(btPolyhedralConvexShape.obj) : warning LNK4099: PDB 'BulletCollision.pdb' was not found with 'BulletCollision.lib(btPolyhedralConvexShape.obj)' or at 'C:\Users\vitin\OneDrive\Area_de_Trabalho\opengl-VitorStelaDhanashri\x64\Release\BulletCollision.pdb'; linking object as if no debug info
BulletCollision.lib(btSphereShape.obj) : warning LNK4099: PDB 'BulletCollision.pdb' was not found with 'BulletCollision.lib(btSphereShape.obj)' or at 'C:\Users\vitin\OneDrive\Area_de_Trabalho\opengl-VitorStelaDhanashri\x64\Release\BulletCollision.pdb'; linking object as if no debug info
BulletCollision.lib(btStridingMeshInterface.obj) : warning LNK4099: PDB 'BulletCollision.pdb' was not found with 'BulletCollision.lib(btStridingMeshInterface.obj)' or at 'C:\Users\vitin\OneDrive\Area_de_Trabalho\opengl-VitorStelaDhanashri\x64\Release\BulletCollision.pdb'; linking object as if no debug info
BulletCollision.lib(btTriangleCallback.obj) : warning LNK4099: PDB 'BulletCollision.pdb' was not found with 'BulletCollision.lib(btTriangleCallback.obj)' or at 'C:\Users\vitin\OneDrive\Area_de_Trabalho\opengl-VitorStelaDhanashri\x64\Release\BulletCollision.pdb'; linking object as if no debug info
BulletCollision.lib(btTriangleIndexVertexArray.obj) : warning LNK4099: PDB 'BulletCollision.pdb' was not found with 'BulletCollision.lib(btTriangleIndexVertexArray.obj)' or at 'C:\Users\vitin\OneDrive\Area_de_Trabalho\opengl-VitorStelaDhanashri\x64\Release\BulletCollision.pdb'; linking object as if no debug info
BulletCollision.lib(btTriangleMeshShape.obj) : warning LNK4099: PDB 'BulletCollision.pdb' was not found with 'BulletCollision.lib(btTriangleMeshShape.obj)' or at 'C:\Users\vitin\OneDrive\Area_de_Trabalho\opengl-VitorStelaDhanashri\x64\Release\BulletCollision.pdb'; linking object as if no debug info
BulletCollision.lib(btContinuousConvexCollision.obj) : warning LNK4099: PDB 'BulletCollision.pdb' was not found with 'BulletCollision.lib(btContinuousConvexCollision.obj)' or at 'C:\Users\vitin\OneDrive\Area_de_Trabalho\opengl-VitorStelaDhanashri\x64\Release\BulletCollision.pdb'; linking object as if no debug info
BulletCollision.lib(btConvexCast.obj) : warning LNK4099: PDB 'BulletCollision.pdb' was not found with 'BulletCollision.lib(btConvexCast.obj)' or at 'C:\Users\vitin\OneDrive\Area_de_Trabalho\opengl-VitorStelaDhanashri\x64\Release\BulletCollision.pdb'; linking object as if no debug info
BulletCollision.lib(btGjkConvexCast.obj) : warning LNK4099: PDB 'BulletCollision.pdb' was not found with 'BulletCollision.lib(btGjkConvexCast.obj)' or at 'C:\Users\vitin\OneDrive\Area_de_Trabalho\opengl-VitorStelaDhanashri\x64\Release\BulletCollision.pdb'; linking object as if no debug info
BulletCollision.lib(btGjkEpa2.obj) : warning LNK4099: PDB 'BulletCollision.pdb' was not found with 'BulletCollision.lib(btGjkEpa2.obj)' or at 'C:\Users\vitin\OneDrive\Area_de_Trabalho\opengl-VitorStelaDhanashri\x64\Release\BulletCollision.pdb'; linking object as if no debug info
BulletCollision.lib(btGjkEpaPenetrationDepthSolver.obj) : warning LNK4099: PDB 'BulletCollision.pdb' was not found with 'BulletCollision.lib(btGjkEpaPenetrationDepthSolver.obj)' or at 'C:\Users\vitin\OneDrive\Area_de_Trabalho\opengl-VitorStelaDhanashri\x64\Release\BulletCollision.pdb'; linking object as if no debug info
BulletCollision.lib(btGjkPairDetector.obj) : warning LNK4099: PDB 'BulletCollision.pdb' was not found with 'BulletCollision.lib(btGjkPairDetector.obj)' or at 'C:\Users\vitin\OneDrive\Area_de_Trabalho\opengl-VitorStelaDhanashri\x64\Release\BulletCollision.pdb'; linking object as if no debug info
BulletCollision.lib(btMinkowskiPenetrationDepthSolver.obj) : warning LNK4099: PDB 'BulletCollision.pdb' was not found with 'BulletCollision.lib(btMinkowskiPenetrationDepthSolver.obj)' or at 'C:\Users\vitin\OneDrive\Area_de_Trabalho\opengl-VitorStelaDhanashri\x64\Release\BulletCollision.pdb'; linking object as if no debug info
BulletCollision.lib(btPersistentManifold.obj) : warning LNK4099: PDB 'BulletCollision.pdb' was not found with 'BulletCollision.lib(btPersistentManifold.obj)' or at 'C:\Users\vitin\OneDrive\Area_de_Trabalho\opengl-VitorStelaDhanashri\x64\Release\BulletCollision.pdb'; linking object as if no debug info
BulletCollision.lib(btPolyhedralContactClipping.obj) : warning LNK4099: PDB 'BulletCollision.pdb' was not found with 'BulletCollision.lib(btPolyhedralContactClipping.obj)' or at 'C:\Users\vitin\OneDrive\Area_de_Trabalho\opengl-VitorStelaDhanashri\x64\Release\BulletCollision.pdb'; linking object as if no debug info
BulletCollision.lib(btRaycastCallback.obj) : warning LNK4099: PDB 'BulletCollision.pdb' was not found with 'BulletCollision.lib(btRaycastCallback.obj)' or at 'C:\Users\vitin\OneDrive\Area_de_Trabalho\opengl-VitorStelaDhanashri\x64\Release\BulletCollision.pdb'; linking object as if no debug info
BulletCollision.lib(btSubSimplexConvexCast.obj) : warning LNK4099: PDB 'BulletCollision.pdb' was not found with 'BulletCollision.lib(btSubSimplexConvexCast.obj)' or at 'C:\Users\vitin\OneDrive\Area_de_Trabalho\opengl-VitorStelaDhanashri\x64\Release\BulletCollision.pdb'; linking object as if no debug info
BulletCollision.lib(btVoronoiSimplexSolver.obj) : warning LNK4099: PDB 'BulletCollision.pdb' was not found with 'BulletCollision.lib(btVoronoiSimplexSolver.obj)' or at 'C:\Users\vitin\OneDrive\Area_de_Trabalho\opengl-VitorStelaDhanashri\x64\Release\BulletCollision.pdb'; linking object as if no debug info
BulletDynamics.lib(btConeTwistConstraint.obj) : warning LNK4099: PDB 'BulletDynamics.pdb' was not found with 'BulletDynamics.lib(btConeTwistConstraint.obj)' or at 'C:\Users\vitin\OneDrive\Area_de_Trabalho\opengl-VitorStelaDhanashri\x64\Release\BulletDynamics.pdb'; linking object as if no debug info
BulletDynamics.lib(btGeneric6DofConstraint.obj) : warning LNK4099: PDB 'BulletDynamics.pdb' was not found with 'BulletDynamics.lib(btGeneric6DofConstraint.obj)' or at 'C:\Users\vitin\OneDrive\Area_de_Trabalho\opengl-VitorStelaDhanashri\x64\Release\BulletDynamics.pdb'; linking object as if no debug info
BulletDynamics.lib(btSequentialImpulseConstraintSolver.obj) : warning LNK4099: PDB 'BulletDynamics.pdb' was not found with 'BulletDynamics.lib(btSequentialImpulseConstraintSolver.obj)' or at 'C:\Users\vitin\OneDrive\Area_de_Trabalho\opengl-VitorStelaDhanashri\x64\Release\BulletDynamics.pdb'; linking object as if no debug info
BulletDynamics.lib(btTypedConstraint.obj) : warning LNK4099: PDB 'BulletDynamics.pdb' was not found with 'BulletDynamics.lib(btTypedConstraint.obj)' or at 'C:\Users\vitin\OneDrive\Area_de_Trabalho\opengl-VitorStelaDhanashri\x64\Release\BulletDynamics.pdb'; linking object as if no debug info
BulletDynamics.lib(btDiscreteDynamicsWorld.obj) : warning LNK4099: PDB 'BulletDynamics.pdb' was not found with 'BulletDynamics.lib(btDiscreteDynamicsWorld.obj)' or at 'C:\Users\vitin\OneDrive\Area_de_Trabalho\opengl-VitorStelaDhanashri\x64\Release\BulletDynamics.pdb'; linking object as if no debug info
BulletDynamics.lib(btRigidBody.obj) : warning LNK4099: PDB 'BulletDynamics.pdb' was not found with 'BulletDynamics.lib(btRigidBody.obj)' or at 'C:\Users\vitin\OneDrive\Area_de_Trabalho\opengl-VitorStelaDhanashri\x64\Release\BulletDynamics.pdb'; linking object as if no debug info
LinearMath.lib(btAlignedAllocator.obj) : warning LNK4099: PDB 'LinearMath.pdb' was not found with 'LinearMath.lib(btAlignedAllocator.obj)' or at 'C:\Users\vitin\OneDrive\Area_de_Trabalho\opengl-VitorStelaDhanashri\x64\Release\LinearMath.pdb'; linking object as if no debug info
LinearMath.lib(btConvexHullComputer.obj) : warning LNK4099: PDB 'LinearMath.pdb' was not found with 'LinearMath.lib(btConvexHullComputer.obj)' or at 'C:\Users\vitin\OneDrive\Area_de_Trabalho\opengl-VitorStelaDhanashri\x64\Release\LinearMath.pdb'; linking object as if no debug info
LinearMath.lib(btGeometryUtil.obj) : warning LNK4099: PDB 'LinearMath.pdb' was not found with 'LinearMath.lib(btGeometryUtil.obj)' or at 'C:\Users\vitin\OneDrive\Area_de_Trabalho\opengl-VitorStelaDhanashri\x64\Release\LinearMath.pdb'; linking object as if no debug info
LinearMath.lib(btQuickprof.obj) : warning LNK4099: PDB 'LinearMath.pdb' was not found with 'LinearMath.lib(btQuickprof.obj)' or at 'C:\Users\vitin\OneDrive\Area_de_Trabalho\opengl-VitorStelaDhanashri\x64\Release\LinearMath.pdb'; linking object as if no debug info
LinearMath.lib(btVector3.obj) : warning LNK4099: PDB 'LinearMath.pdb' was not found with 'LinearMath.lib(btVector3.obj)' or at 'C:\Users\vitin\OneDrive\Area_de_Trabalho\opengl-VitorStelaDhanashri\x64\Release\LinearMath.pdb'; linking object as if no debug info
  myproj.vcxproj -> C:\Users\vitin\OneDrive\Area_de_Trabalho\opengl-VitorStelaDhanashri\x64\Release\myproj.exe
