c:\users\vitin\onedrive\area_de_trabalho\opengl-in4i24-19\myproj\x64\release\myfbo.obj
c:\users\vitin\onedrive\area_de_trabalho\opengl-in4i24-19\myproj\x64\release\myshaders.obj
c:\users\vitin\onedrive\area_de_trabalho\opengl-in4i24-19\myproj\x64\release\mycamera.obj
c:\users\vitin\onedrive\area_de_trabalho\opengl-in4i24-19\myproj\x64\release\mysubobject.obj
c:\users\vitin\onedrive\area_de_trabalho\opengl-in4i24-19\myproj\x64\release\myshader.obj
c:\users\vitin\onedrive\area_de_trabalho\opengl-in4i24-19\myproj\x64\release\myobject.obj
c:\users\vitin\onedrive\area_de_trabalho\opengl-in4i24-19\myproj\x64\release\myphysics.obj
c:\users\vitin\onedrive\area_de_trabalho\opengl-in4i24-19\myproj\x64\release\mylight.obj
c:\users\vitin\onedrive\area_de_trabalho\opengl-in4i24-19\myproj\x64\release\myvbo.obj
c:\users\vitin\onedrive\area_de_trabalho\opengl-in4i24-19\myproj\x64\release\myscene.obj
c:\users\vitin\onedrive\area_de_trabalho\opengl-in4i24-19\myproj\x64\release\image.obj
c:\users\vitin\onedrive\area_de_trabalho\opengl-in4i24-19\myproj\x64\release\mytexture.obj
c:\users\vitin\onedrive\area_de_trabalho\opengl-in4i24-19\myproj\x64\release\main.obj
c:\users\vitin\onedrive\area_de_trabalho\opengl-in4i24-19\myproj\x64\release\mymaterial.obj
c:\users\vitin\onedrive\area_de_trabalho\opengl-in4i24-19\myproj\x64\release\myflight.obj
c:\users\vitin\onedrive\area_de_trabalho\opengl-in4i24-19\myproj\x64\release\mylights.obj
c:\users\vitin\onedrive\area_de_trabalho\opengl-in4i24-19\myproj\x64\release\myvao.obj
c:\users\vitin\onedrive\area_de_trabalho\opengl-in4i24-19\myproj\x64\release\vc142.pdb
c:\users\vitin\onedrive\area_de_trabalho\opengl-in4i24-19\x64\release\myproj.exe
c:\users\vitin\onedrive\area_de_trabalho\opengl-in4i24-19\x64\release\myproj.pdb
c:\users\vitin\onedrive\area_de_trabalho\opengl-in4i24-19\x64\release\myproj.ipdb
c:\users\vitin\onedrive\area_de_trabalho\opengl-in4i24-19\x64\release\myproj.iobj
c:\users\vitin\onedrive\area_de_trabalho\opengl-in4i24-19\myproj\x64\release\myproj.tlog\cl.12956.write.1.tlog
c:\users\vitin\onedrive\area_de_trabalho\opengl-in4i24-19\myproj\x64\release\myproj.tlog\cl.command.1.tlog
c:\users\vitin\onedrive\area_de_trabalho\opengl-in4i24-19\myproj\x64\release\myproj.tlog\cl.read.1.tlog
c:\users\vitin\onedrive\area_de_trabalho\opengl-in4i24-19\myproj\x64\release\myproj.tlog\link.command.1.tlog
c:\users\vitin\onedrive\area_de_trabalho\opengl-in4i24-19\myproj\x64\release\myproj.tlog\link.read.1.tlog
c:\users\vitin\onedrive\area_de_trabalho\opengl-in4i24-19\myproj\x64\release\myproj.tlog\link.write.1.tlog
c:\users\vitin\onedrive\area_de_trabalho\opengl-in4i24-19\myproj\x64\release\myproj.tlog\myproj.write.1u.tlog
