c:\users\vitin\onedrive\area_de_trabalho\opengl-in4i24-19\myproj\x64\debug\myobject.obj
c:\users\vitin\onedrive\area_de_trabalho\opengl-in4i24-19\myproj\x64\debug\myvbo.obj
c:\users\vitin\onedrive\area_de_trabalho\opengl-in4i24-19\myproj\x64\debug\mytexture.obj
c:\users\vitin\onedrive\area_de_trabalho\opengl-in4i24-19\myproj\x64\debug\myshaders.obj
c:\users\vitin\onedrive\area_de_trabalho\opengl-in4i24-19\myproj\x64\debug\main.obj
c:\users\vitin\onedrive\area_de_trabalho\opengl-in4i24-19\myproj\x64\debug\myshader.obj
c:\users\vitin\onedrive\area_de_trabalho\opengl-in4i24-19\myproj\x64\debug\mysubobject.obj
c:\users\vitin\onedrive\area_de_trabalho\opengl-in4i24-19\myproj\x64\debug\mycamera.obj
c:\users\vitin\onedrive\area_de_trabalho\opengl-in4i24-19\myproj\x64\debug\mymaterial.obj
c:\users\vitin\onedrive\area_de_trabalho\opengl-in4i24-19\myproj\x64\debug\myfbo.obj
c:\users\vitin\onedrive\area_de_trabalho\opengl-in4i24-19\myproj\x64\debug\myvao.obj
c:\users\vitin\onedrive\area_de_trabalho\opengl-in4i24-19\myproj\x64\debug\mylights.obj
c:\users\vitin\onedrive\area_de_trabalho\opengl-in4i24-19\myproj\x64\debug\myscene.obj
c:\users\vitin\onedrive\area_de_trabalho\opengl-in4i24-19\myproj\x64\debug\mylight.obj
c:\users\vitin\onedrive\area_de_trabalho\opengl-in4i24-19\myproj\x64\debug\vc142.pdb
c:\users\vitin\onedrive\area_de_trabalho\opengl-in4i24-19\x64\debug\myproj.ilk
c:\users\vitin\onedrive\area_de_trabalho\opengl-in4i24-19\x64\debug\myproj.exe
c:\users\vitin\onedrive\area_de_trabalho\opengl-in4i24-19\x64\debug\myproj.pdb
c:\users\vitin\onedrive\area_de_trabalho\opengl-in4i24-19\myproj\x64\debug\vc142.idb
c:\users\vitin\onedrive\area_de_trabalho\opengl-in4i24-19\myproj\x64\debug\myproj.tlog\cl.11456.write.1.tlog
c:\users\vitin\onedrive\area_de_trabalho\opengl-in4i24-19\myproj\x64\debug\myproj.tlog\cl.command.1.tlog
c:\users\vitin\onedrive\area_de_trabalho\opengl-in4i24-19\myproj\x64\debug\myproj.tlog\cl.read.1.tlog
c:\users\vitin\onedrive\area_de_trabalho\opengl-in4i24-19\myproj\x64\debug\myproj.tlog\link.command.1.tlog
c:\users\vitin\onedrive\area_de_trabalho\opengl-in4i24-19\myproj\x64\debug\myproj.tlog\link.read.1.tlog
c:\users\vitin\onedrive\area_de_trabalho\opengl-in4i24-19\myproj\x64\debug\myproj.tlog\link.write.1.tlog
